# JRE version: Java(TM) SE Runtime Environment (8.0_151-b12) (build 1.8.0_151-b12)
# Java VM: Java HotSpot(TM) Client VM (25.151-b12 mixed mode windows-x86 )
Heap:
 def new generation   total 78656K, used 63124K [0x07400000, 0x0c950000, 0x0c950000)
  eden space 69952K,  90% used [0x07400000, 0x0b1a5358, 0x0b850000)
  from space 8704K,   0% used [0x0b850000, 0x0b850000, 0x0c0d0000)
  to   space 8704K,   0% used [0x0c0d0000, 0x0c0d0000, 0x0c950000)
 tenured generation   total 174784K, used 105845K [0x0c950000, 0x17400000, 0x17400000)
   the space 174784K,  60% used [0x0c950000, 0x130ad788, 0x130ad800, 0x17400000)
 Metaspace       used 22435K, capacity 23230K, committed 23296K, reserved 23936K
GC Heap History (10 events):
Event: 151.056 GC heap before
{Heap before GC invocations=237 (full 9):
 def new generation   total 75072K, used 75072K [0x07400000, 0x0c570000, 0x0c950000)
  eden space 66752K, 100% used [0x07400000, 0x0b530000, 0x0b530000)
  from space 8320K, 100% used [0x0b530000, 0x0bd50000, 0x0bd50000)
  to   space 8320K,   0% used [0x0bd50000, 0x0bd50000, 0x0c570000)
 tenured generation   total 166744K, used 164505K [0x0c950000, 0x16c26000, 0x17400000)
   the space 166744K,  98% used [0x0c950000, 0x169f6458, 0x169f6600, 0x16c26000)
 Metaspace       used 22333K, capacity 23134K, committed 23168K, reserved 23936K
Event: 151.155 GC heap after
Heap after GC invocations=238 (full 10):
 def new generation   total 75072K, used 0K [0x07400000, 0x0c570000, 0x0c950000)
  eden space 66752K,   0% used [0x07400000, 0x07400000, 0x0b530000)
  from space 8320K,   0% used [0x0b530000, 0x0b530000, 0x0bd50000)
  to   space 8320K,   0% used [0x0bd50000, 0x0bd50000, 0x0c570000)
 tenured generation   total 166744K, used 98009K [0x0c950000, 0x16c26000, 0x17400000)
   the space 166744K,  58% used [0x0c950000, 0x12906538, 0x12906600, 0x16c26000)
 Metaspace       used 22333K, capacity 23134K, committed 23168K, reserved 23936K
}
Event: 151.463 GC heap before
{Heap before GC invocations=238 (full 10):
 def new generation   total 75072K, used 66752K [0x07400000, 0x0c570000, 0x0c950000)
  eden space 66752K, 100% used [0x07400000, 0x0b530000, 0x0b530000)
  from space 8320K,   0% used [0x0b530000, 0x0b530000, 0x0bd50000)
  to   space 8320K,   0% used [0x0bd50000, 0x0bd50000, 0x0c570000)
 tenured generation   total 166744K, used 98009K [0x0c950000, 0x16c26000, 0x17400000)
   the space 166744K,  58% used [0x0c950000, 0x12906538, 0x12906600, 0x16c26000)
 Metaspace       used 22345K, capacity 23134K, committed 23168K, reserved 23936K
Event: 151.487 GC heap after
Heap after GC invocations=239 (full 10):
 def new generation   total 75072K, used 8320K [0x07400000, 0x0c570000, 0x0c950000)
  eden space 66752K,   0% used [0x07400000, 0x07400000, 0x0b530000)
  from space 8320K, 100% used [0x0bd50000, 0x0c570000, 0x0c570000)
  to   space 8320K,   0% used [0x0b530000, 0x0b530000, 0x0bd50000)
 tenured generation   total 166744K, used 111246K [0x0c950000, 0x16c26000, 0x17400000)
   the space 166744K,  66% used [0x0c950000, 0x135f3ab0, 0x135f3c00, 0x16c26000)
 Metaspace       used 22345K, capacity 23134K, committed 23168K, reserved 23936K
}
Event: 151.718 GC heap before
{Heap before GC invocations=239 (full 10):
 def new generation   total 75072K, used 75072K [0x07400000, 0x0c570000, 0x0c950000)
  eden space 66752K, 100% used [0x07400000, 0x0b530000, 0x0b530000)
  from space 8320K, 100% used [0x0bd50000, 0x0c570000, 0x0c570000)
  to   space 8320K,   0% used [0x0b530000, 0x0b530000, 0x0bd50000)
 tenured generation   total 166744K, used 111246K [0x0c950000, 0x16c26000, 0x17400000)
   the space 166744K,  66% used [0x0c950000, 0x135f3ab0, 0x135f3c00, 0x16c26000)
 Metaspace       used 22345K, capacity 23134K, committed 23168K, reserved 23936K
Event: 151.773 GC heap after
Heap after GC invocations=240 (full 10):
 def new generation   total 75072K, used 8320K [0x07400000, 0x0c570000, 0x0c950000)
  eden space 66752K,   0% used [0x07400000, 0x07400000, 0x0b530000)
  from space 8320K, 100% used [0x0b530000, 0x0bd50000, 0x0bd50000)
  to   space 8320K,   0% used [0x0bd50000, 0x0bd50000, 0x0c570000)
 tenured generation   total 166744K, used 137160K [0x0c950000, 0x16c26000, 0x17400000)
   the space 166744K,  82% used [0x0c950000, 0x14f422c0, 0x14f42400, 0x16c26000)
 Metaspace       used 22345K, capacity 23134K, committed 23168K, reserved 23936K
}
Event: 152.027 GC heap before
{Heap before GC invocations=240 (full 10):
 def new generation   total 75072K, used 75072K [0x07400000, 0x0c570000, 0x0c950000)
  eden space 66752K, 100% used [0x07400000, 0x0b530000, 0x0b530000)
  from space 8320K, 100% used [0x0b530000, 0x0bd50000, 0x0bd50000)
  to   space 8320K,   0% used [0x0bd50000, 0x0bd50000, 0x0c570000)
 tenured generation   total 166744K, used 137160K [0x0c950000, 0x16c26000, 0x17400000)
   the space 166744K,  82% used [0x0c950000, 0x14f422c0, 0x14f42400, 0x16c26000)
 Metaspace       used 22345K, capacity 23134K, committed 23168K, reserved 23936K
Event: 152.081 GC heap after
Heap after GC invocations=241 (full 10):
 def new generation   total 75072K, used 8320K [0x07400000, 0x0c570000, 0x0c950000)
  eden space 66752K,   0% used [0x07400000, 0x07400000, 0x0b530000)
  from space 8320K, 100% used [0x0bd50000, 0x0c570000, 0x0c570000)
  to   space 8320K,   0% used [0x0b530000, 0x0b530000, 0x0bd50000)
 tenured generation   total 166744K, used 159648K [0x0c950000, 0x16c26000, 0x17400000)
   the space 166744K,  95% used [0x0c950000, 0x16538268, 0x16538400, 0x16c26000)
 Metaspace       used 22345K, capacity 23134K, committed 23168K, reserved 23936K
}
Event: 542.795 GC heap before
{Heap before GC invocations=241 (full 10):
 def new generation   total 75072K, used 75072K [0x07400000, 0x0c570000, 0x0c950000)
  eden space 66752K, 100% used [0x07400000, 0x0b530000, 0x0b530000)
  from space 8320K, 100% used [0x0bd50000, 0x0c570000, 0x0c570000)
  to   space 8320K,   0% used [0x0b530000, 0x0b530000, 0x0bd50000)
 tenured generation   total 166744K, used 159648K [0x0c950000, 0x16c26000, 0x17400000)
   the space 166744K,  95% used [0x0c950000, 0x16538268, 0x16538400, 0x16c26000)
 Metaspace       used 22405K, capacity 23198K, committed 23296K, reserved 23936K
Event: 542.919 GC heap after
Heap after GC invocations=242 (full 11):
 def new generation   total 78656K, used 0K [0x07400000, 0x0c950000, 0x0c950000)
  eden space 69952K,   0% used [0x07400000, 0x07400000, 0x0b850000)
  from space 8704K,   0% used [0x0b850000, 0x0b850000, 0x0c0d0000)
  to   space 8704K,   0% used [0x0c0d0000, 0x0c0d0000, 0x0c950000)
 tenured generation   total 174784K, used 105845K [0x0c950000, 0x17400000, 0x17400000)
   the space 174784K,  60% used [0x0c950000, 0x130ad788, 0x130ad800, 0x17400000)
 Metaspace       used 22405K, capacity 23198K, committed 23296K, reserved 23936K
}

